2011-06-22 08:56:01 Catch in smFunncs  - setLicProperties
2011-06-22 08:56:21 Catch in SgMeLicense::dest_impl - m_impl->m_server->m_object->end_use
2011-06-22 08:56:44 Catch in SgMeLicense_impl::getLicenseServer
2011-06-22 08:57:04 Catch in SgMeLicense_impl::getLicenseServer
2011-06-22 16:10:15 Catch in SgMeLicense::init
2011-06-22 16:10:43 Catch in SgMeLicense_impl::getLicenseServer
2011-06-22 17:42:23 Catch in SgMeLicense_impl::getLicenseServer
2011-06-22 17:42:37 Catch in SgMeLicense_impl::getLicenseServer
2012-01-04 13:47:05 Catch in SgMeLicense_impl::getLicenseServer
2012-01-04 13:47:26 Catch in smFunncs  - setLicProperties
2012-01-04 13:47:27 Catch in smFunncs  - getLongProperty 3
2012-02-06 19:12:06 Catch in smFunncs  - setLicProperties
2012-02-13 15:13:03 Catch in smFunncs  - setLicProperties
2012-02-13 15:13:23 Catch in SgMeLicense::dest_impl - m_impl->m_server->m_object->end_use
2012-02-23 16:45:54 Catch in smFunncs  - setLicProperties
2012-02-23 16:46:14 Catch in SgMeLicense::dest_impl - m_impl->m_server->m_object->end_use
2012-02-29 17:59:07 Catch in smFunncs  - setLicProperties
2012-02-29 17:59:27 Catch in SgMeLicense::dest_impl - m_impl->m_server->m_object->end_use
2012-03-05 18:19:32 Catch in smFunncs  - setLicProperties
2012-11-30 13:25:59 Catch in smFunncs  - setLicProperties
2012-11-30 13:26:19 Catch in SgMeLicense::dest_impl - m_impl->m_server->m_object->end_use
2013-01-25 14:40:52 Catch in smFunncs  - setLicProperties
2013-01-25 14:41:12 Catch in SgMeLicense::dest_impl - m_impl->m_server->m_object->end_use
2013-03-20 16:03:55 Catch in SgMeLicense_impl::getLicenseServer
2013-03-22 08:48:51 Catch in smFunncs  - setLicProperties
2013-03-22 08:48:51 Catch in SgMeLicense::dest_impl - m_impl->m_server->m_object->end_use
2013-03-22 08:48:51 Catch in smFunncs  - setLicProperties
2013-03-22 08:48:51 Catch in SgMeLicense::dest_impl - m_impl->m_server->m_object->end_use
